2024-05-07 10:22:50,801 - INFO - {"timestamp": "2024-05-07 10:22:50", "pod_name": "teastore-auth-856dc8fcf9-rctkz", "node_name": "worker2", "cpu_usage": 0.012014366504113343, "memory_usage": 613019648.0}
2024-05-07 10:22:50,808 - INFO - {"timestamp": "2024-05-07 10:22:50", "pod_name": "teastore-db-755c9c7ddd-krvlc", "node_name": "worker", "cpu_usage": 0.001426046557424618, "memory_usage": 241790976.0}
2024-05-07 10:22:50,814 - INFO - {"timestamp": "2024-05-07 10:22:50", "pod_name": "teastore-image-79f6fdfb7b-7x5qb", "node_name": "worker2", "cpu_usage": 0.013065035935507245, "memory_usage": 666017792.0}
2024-05-07 10:22:50,821 - INFO - {"timestamp": "2024-05-07 10:22:50", "pod_name": "teastore-persistence-b77d57c7-csrt2", "node_name": "worker", "cpu_usage": 0.012149236535889327, "memory_usage": 619966464.0}
2024-05-07 10:22:50,828 - INFO - {"timestamp": "2024-05-07 10:22:50", "pod_name": "teastore-recommender-6b57d56f4-mj8pn", "node_name": "worker", "cpu_usage": 0.019896872839410655, "memory_usage": 598999040.0}
2024-05-07 10:22:50,835 - INFO - {"timestamp": "2024-05-07 10:22:50", "pod_name": "teastore-registry-68b4c6d796-4v6nq", "node_name": "worker", "cpu_usage": 0.00557263440675522, "memory_usage": 261730304.0}
2024-05-07 10:22:50,841 - INFO - {"timestamp": "2024-05-07 10:22:50", "pod_name": "teastore-webui-59ccf6c8b5-qpgjf", "node_name": "worker", "cpu_usage": 0.019916951963072776, "memory_usage": 750284800.0}
2024-05-07 10:22:51,860 - INFO - {"timestamp": "2024-05-07 10:22:51", "pod_name": "teastore-auth-856dc8fcf9-rctkz", "node_name": "worker2", "cpu_usage": 0.01034022814698964, "memory_usage": 613019648.0}
2024-05-07 10:22:51,867 - INFO - {"timestamp": "2024-05-07 10:22:51", "pod_name": "teastore-db-755c9c7ddd-krvlc", "node_name": "worker", "cpu_usage": 0.001426046557424618, "memory_usage": 241790976.0}
2024-05-07 10:22:51,873 - INFO - {"timestamp": "2024-05-07 10:22:51", "pod_name": "teastore-image-79f6fdfb7b-7x5qb", "node_name": "worker2", "cpu_usage": 0.011814163371772546, "memory_usage": 666017792.0}
2024-05-07 10:22:51,880 - INFO - {"timestamp": "2024-05-07 10:22:51", "pod_name": "teastore-persistence-b77d57c7-csrt2", "node_name": "worker", "cpu_usage": 0.012149236535889327, "memory_usage": 619966464.0}
2024-05-07 10:22:51,887 - INFO - {"timestamp": "2024-05-07 10:22:51", "pod_name": "teastore-recommender-6b57d56f4-mj8pn", "node_name": "worker", "cpu_usage": 0.01989687283941065, "memory_usage": 598999040.0}
2024-05-07 10:22:51,892 - INFO - {"timestamp": "2024-05-07 10:22:51", "pod_name": "teastore-registry-68b4c6d796-4v6nq", "node_name": "worker", "cpu_usage": 0.00557263440675522, "memory_usage": 261730304.0}
2024-05-07 10:22:51,899 - INFO - {"timestamp": "2024-05-07 10:22:51", "pod_name": "teastore-webui-59ccf6c8b5-qpgjf", "node_name": "worker", "cpu_usage": 0.019916951963072776, "memory_usage": 750284800.0}
2024-05-07 10:22:52,919 - INFO - {"timestamp": "2024-05-07 10:22:52", "pod_name": "teastore-auth-856dc8fcf9-rctkz", "node_name": "worker2", "cpu_usage": 0.011049153195429384, "memory_usage": 613019648.0}
2024-05-07 10:22:52,925 - INFO - {"timestamp": "2024-05-07 10:22:52", "pod_name": "teastore-db-755c9c7ddd-krvlc", "node_name": "worker", "cpu_usage": 0.0012886045063584105, "memory_usage": 241790976.0}
2024-05-07 10:22:52,932 - INFO - {"timestamp": "2024-05-07 10:22:52", "pod_name": "teastore-image-79f6fdfb7b-7x5qb", "node_name": "worker2", "cpu_usage": 0.011697358961240446, "memory_usage": 666017792.0}
2024-05-07 10:22:52,938 - INFO - {"timestamp": "2024-05-07 10:22:52", "pod_name": "teastore-persistence-b77d57c7-csrt2", "node_name": "worker", "cpu_usage": 0.012149236535889328, "memory_usage": 619966464.0}
2024-05-07 10:22:52,944 - INFO - {"timestamp": "2024-05-07 10:22:52", "pod_name": "teastore-recommender-6b57d56f4-mj8pn", "node_name": "worker", "cpu_usage": 0.018516662585720302, "memory_usage": 598999040.0}
2024-05-07 10:22:52,951 - INFO - {"timestamp": "2024-05-07 10:22:52", "pod_name": "teastore-registry-68b4c6d796-4v6nq", "node_name": "worker", "cpu_usage": 0.00557263440675522, "memory_usage": 261730304.0}
2024-05-07 10:22:52,957 - INFO - {"timestamp": "2024-05-07 10:22:52", "pod_name": "teastore-webui-59ccf6c8b5-qpgjf", "node_name": "worker", "cpu_usage": 0.019916951963072776, "memory_usage": 750284800.0}
2024-05-07 10:22:53,977 - INFO - {"timestamp": "2024-05-07 10:22:53", "pod_name": "teastore-auth-856dc8fcf9-rctkz", "node_name": "worker2", "cpu_usage": 0.010800780462033735, "memory_usage": 613019648.0}
2024-05-07 10:22:53,983 - INFO - {"timestamp": "2024-05-07 10:22:53", "pod_name": "teastore-db-755c9c7ddd-krvlc", "node_name": "worker", "cpu_usage": 0.001412808379216715, "memory_usage": 241790976.0}
2024-05-07 10:22:53,990 - INFO - {"timestamp": "2024-05-07 10:22:53", "pod_name": "teastore-image-79f6fdfb7b-7x5qb", "node_name": "worker2", "cpu_usage": 0.011580554550708349, "memory_usage": 666017792.0}
2024-05-07 10:22:53,997 - INFO - {"timestamp": "2024-05-07 10:22:53", "pod_name": "teastore-persistence-b77d57c7-csrt2", "node_name": "worker", "cpu_usage": 0.012149236535889327, "memory_usage": 619966464.0}
2024-05-07 10:22:54,004 - INFO - {"timestamp": "2024-05-07 10:22:53", "pod_name": "teastore-recommender-6b57d56f4-mj8pn", "node_name": "worker", "cpu_usage": 0.01834106880164317, "memory_usage": 598999040.0}
2024-05-07 10:22:54,010 - INFO - {"timestamp": "2024-05-07 10:22:53", "pod_name": "teastore-registry-68b4c6d796-4v6nq", "node_name": "worker", "cpu_usage": 0.00557263440675522, "memory_usage": 261730304.0}
2024-05-07 10:22:54,017 - INFO - {"timestamp": "2024-05-07 10:22:53", "pod_name": "teastore-webui-59ccf6c8b5-qpgjf", "node_name": "worker", "cpu_usage": 0.01991695196307278, "memory_usage": 750284800.0}
2024-05-07 10:22:55,036 - INFO - {"timestamp": "2024-05-07 10:22:55", "pod_name": "teastore-auth-856dc8fcf9-rctkz", "node_name": "worker2", "cpu_usage": 0.010552172971801228, "memory_usage": 613019648.0}
2024-05-07 10:22:55,054 - INFO - {"timestamp": "2024-05-07 10:22:55", "pod_name": "teastore-db-755c9c7ddd-krvlc", "node_name": "worker", "cpu_usage": 0.001412808379216715, "memory_usage": 241790976.0}
2024-05-07 10:22:55,061 - INFO - {"timestamp": "2024-05-07 10:22:55", "pod_name": "teastore-image-79f6fdfb7b-7x5qb", "node_name": "worker2", "cpu_usage": 0.011462314925302038, "memory_usage": 666017792.0}
2024-05-07 10:22:55,068 - INFO - {"timestamp": "2024-05-07 10:22:55", "pod_name": "teastore-persistence-b77d57c7-csrt2", "node_name": "worker", "cpu_usage": 0.011026545428192988, "memory_usage": 619966464.0}
2024-05-07 10:22:55,074 - INFO - {"timestamp": "2024-05-07 10:22:55", "pod_name": "teastore-recommender-6b57d56f4-mj8pn", "node_name": "worker", "cpu_usage": 0.0181636510972404, "memory_usage": 598999040.0}
2024-05-07 10:22:55,080 - INFO - {"timestamp": "2024-05-07 10:22:55", "pod_name": "teastore-registry-68b4c6d796-4v6nq", "node_name": "worker", "cpu_usage": 0.00557263440675522, "memory_usage": 261730304.0}
2024-05-07 10:22:55,087 - INFO - {"timestamp": "2024-05-07 10:22:55", "pod_name": "teastore-webui-59ccf6c8b5-qpgjf", "node_name": "worker", "cpu_usage": 0.019543799846592855, "memory_usage": 750284800.0}
2024-05-07 10:22:56,107 - INFO - {"timestamp": "2024-05-07 10:22:56", "pod_name": "teastore-auth-856dc8fcf9-rctkz", "node_name": "worker2", "cpu_usage": 0.007636284303080046, "memory_usage": 613019648.0}
2024-05-07 10:22:56,113 - INFO - {"timestamp": "2024-05-07 10:22:56", "pod_name": "teastore-db-755c9c7ddd-krvlc", "node_name": "worker", "cpu_usage": 0.0012575876442485119, "memory_usage": 241790976.0}
2024-05-07 10:22:56,120 - INFO - {"timestamp": "2024-05-07 10:22:56", "pod_name": "teastore-image-79f6fdfb7b-7x5qb", "node_name": "worker2", "cpu_usage": 0.011345400113625765, "memory_usage": 666017792.0}
2024-05-07 10:22:56,126 - INFO - {"timestamp": "2024-05-07 10:22:56", "pod_name": "teastore-persistence-b77d57c7-csrt2", "node_name": "worker", "cpu_usage": 0.010206639897237399, "memory_usage": 619966464.0}
2024-05-07 10:22:56,132 - INFO - {"timestamp": "2024-05-07 10:22:56", "pod_name": "teastore-recommender-6b57d56f4-mj8pn", "node_name": "worker", "cpu_usage": 0.01798805731316326, "memory_usage": 598999040.0}
2024-05-07 10:22:56,139 - INFO - {"timestamp": "2024-05-07 10:22:56", "pod_name": "teastore-registry-68b4c6d796-4v6nq", "node_name": "worker", "cpu_usage": 0.00557263440675522, "memory_usage": 261730304.0}
2024-05-07 10:22:56,145 - INFO - {"timestamp": "2024-05-07 10:22:56", "pod_name": "teastore-webui-59ccf6c8b5-qpgjf", "node_name": "worker", "cpu_usage": 0.018138779502290068, "memory_usage": 750284800.0}
2024-05-07 10:22:57,166 - INFO - {"timestamp": "2024-05-07 10:22:57", "pod_name": "teastore-auth-856dc8fcf9-rctkz", "node_name": "worker2", "cpu_usage": 0.007449920931325809, "memory_usage": 613019648.0}
2024-05-07 10:22:57,173 - INFO - {"timestamp": "2024-05-07 10:22:57", "pod_name": "teastore-db-755c9c7ddd-krvlc", "node_name": "worker", "cpu_usage": 0.0012451624763788775, "memory_usage": 241790976.0}
2024-05-07 10:22:57,179 - INFO - {"timestamp": "2024-05-07 10:22:57", "pod_name": "teastore-image-79f6fdfb7b-7x5qb", "node_name": "worker2", "cpu_usage": 0.00908806438564236, "memory_usage": 666017792.0}
2024-05-07 10:22:57,186 - INFO - {"timestamp": "2024-05-07 10:22:57", "pod_name": "teastore-persistence-b77d57c7-csrt2", "node_name": "worker", "cpu_usage": 0.011080041805814888, "memory_usage": 619966464.0}
2024-05-07 10:22:57,192 - INFO - {"timestamp": "2024-05-07 10:22:57", "pod_name": "teastore-recommender-6b57d56f4-mj8pn", "node_name": "worker", "cpu_usage": 0.01781229771814743, "memory_usage": 598999040.0}
2024-05-07 10:22:57,198 - INFO - {"timestamp": "2024-05-07 10:22:57", "pod_name": "teastore-registry-68b4c6d796-4v6nq", "node_name": "worker", "cpu_usage": 0.00557263440675522, "memory_usage": 261730304.0}
2024-05-07 10:22:57,205 - INFO - {"timestamp": "2024-05-07 10:22:57", "pod_name": "teastore-webui-59ccf6c8b5-qpgjf", "node_name": "worker", "cpu_usage": 0.01798543742158343, "memory_usage": 750284800.0}
2024-05-07 10:22:58,224 - INFO - {"timestamp": "2024-05-07 10:22:58", "pod_name": "teastore-auth-856dc8fcf9-rctkz", "node_name": "worker2", "cpu_usage": 0.01165675386514137, "memory_usage": 613060608.0}
2024-05-07 10:22:58,231 - INFO - {"timestamp": "2024-05-07 10:22:58", "pod_name": "teastore-db-755c9c7ddd-krvlc", "node_name": "worker", "cpu_usage": 0.0012327373085092431, "memory_usage": 241790976.0}
2024-05-07 10:22:58,238 - INFO - {"timestamp": "2024-05-07 10:22:58", "pod_name": "teastore-image-79f6fdfb7b-7x5qb", "node_name": "worker2", "cpu_usage": 0.011975348053334129, "memory_usage": 666181632.0}
2024-05-07 10:22:58,244 - INFO - {"timestamp": "2024-05-07 10:22:58", "pod_name": "teastore-persistence-b77d57c7-csrt2", "node_name": "worker", "cpu_usage": 0.010964659598276007, "memory_usage": 619966464.0}
2024-05-07 10:22:58,251 - INFO - {"timestamp": "2024-05-07 10:22:58", "pod_name": "teastore-recommender-6b57d56f4-mj8pn", "node_name": "worker", "cpu_usage": 0.016811786651584823, "memory_usage": 598999040.0}
2024-05-07 10:22:58,257 - INFO - {"timestamp": "2024-05-07 10:22:58", "pod_name": "teastore-registry-68b4c6d796-4v6nq", "node_name": "worker", "cpu_usage": 0.00557263440675522, "memory_usage": 261730304.0}
2024-05-07 10:22:58,263 - INFO - {"timestamp": "2024-05-07 10:22:58", "pod_name": "teastore-webui-59ccf6c8b5-qpgjf", "node_name": "worker", "cpu_usage": 0.017832095340876798, "memory_usage": 750284800.0}
2024-05-07 10:22:59,282 - INFO - {"timestamp": "2024-05-07 10:22:59", "pod_name": "teastore-auth-856dc8fcf9-rctkz", "node_name": "worker2", "cpu_usage": 0.01165675386514137, "memory_usage": 613060608.0}
2024-05-07 10:22:59,289 - INFO - {"timestamp": "2024-05-07 10:22:59", "pod_name": "teastore-db-755c9c7ddd-krvlc", "node_name": "worker", "cpu_usage": 0.001039559598784575, "memory_usage": 241790976.0}
2024-05-07 10:22:59,295 - INFO - {"timestamp": "2024-05-07 10:22:59", "pod_name": "teastore-image-79f6fdfb7b-7x5qb", "node_name": "worker2", "cpu_usage": 0.01121421873967084, "memory_usage": 666181632.0}
2024-05-07 10:22:59,305 - INFO - {"timestamp": "2024-05-07 10:22:59", "pod_name": "teastore-persistence-b77d57c7-csrt2", "node_name": "worker", "cpu_usage": 0.011983117074102233, "memory_usage": 619966464.0}
2024-05-07 10:22:59,311 - INFO - {"timestamp": "2024-05-07 10:22:59", "pod_name": "teastore-recommender-6b57d56f4-mj8pn", "node_name": "worker", "cpu_usage": 0.0166358612456303, "memory_usage": 598999040.0}
2024-05-07 10:22:59,318 - INFO - {"timestamp": "2024-05-07 10:22:59", "pod_name": "teastore-registry-68b4c6d796-4v6nq", "node_name": "worker", "cpu_usage": 0.00557263440675522, "memory_usage": 261730304.0}
2024-05-07 10:22:59,324 - INFO - {"timestamp": "2024-05-07 10:22:59", "pod_name": "teastore-webui-59ccf6c8b5-qpgjf", "node_name": "worker", "cpu_usage": 0.017910753905903427, "memory_usage": 750284800.0}
2024-05-07 10:23:00,343 - INFO - {"timestamp": "2024-05-07 10:23:00", "pod_name": "teastore-auth-856dc8fcf9-rctkz", "node_name": "worker2", "cpu_usage": 0.01165675386514137, "memory_usage": 613060608.0}
2024-05-07 10:23:00,350 - INFO - {"timestamp": "2024-05-07 10:23:00", "pod_name": "teastore-db-755c9c7ddd-krvlc", "node_name": "worker", "cpu_usage": 0.0010145764372787597, "memory_usage": 241790976.0}
2024-05-07 10:23:00,357 - INFO - {"timestamp": "2024-05-07 10:23:00", "pod_name": "teastore-image-79f6fdfb7b-7x5qb", "node_name": "worker2", "cpu_usage": 0.011902261089231564, "memory_usage": 666181632.0}
2024-05-07 10:23:00,366 - INFO - {"timestamp": "2024-05-07 10:23:00", "pod_name": "teastore-persistence-b77d57c7-csrt2", "node_name": "worker", "cpu_usage": 0.01186740800478562, "memory_usage": 619966464.0}
2024-05-07 10:23:00,375 - INFO - {"timestamp": "2024-05-07 10:23:00", "pod_name": "teastore-recommender-6b57d56f4-mj8pn", "node_name": "worker", "cpu_usage": 0.016459935839675775, "memory_usage": 598999040.0}
2024-05-07 10:23:00,383 - INFO - {"timestamp": "2024-05-07 10:23:00", "pod_name": "teastore-registry-68b4c6d796-4v6nq", "node_name": "worker", "cpu_usage": 0.00557263440675522, "memory_usage": 261730304.0}
2024-05-07 10:23:00,391 - INFO - {"timestamp": "2024-05-07 10:23:00", "pod_name": "teastore-webui-59ccf6c8b5-qpgjf", "node_name": "worker", "cpu_usage": 0.01775639823259533, "memory_usage": 750284800.0}
2024-05-07 10:23:01,420 - INFO - {"timestamp": "2024-05-07 10:23:01", "pod_name": "teastore-auth-856dc8fcf9-rctkz", "node_name": "worker2", "cpu_usage": 0.01165675386514137, "memory_usage": 613060608.0}
2024-05-07 10:23:01,426 - INFO - {"timestamp": "2024-05-07 10:23:01", "pod_name": "teastore-db-755c9c7ddd-krvlc", "node_name": "worker", "cpu_usage": 0.0009892165268718198, "memory_usage": 241790976.0}
2024-05-07 10:23:01,433 - INFO - {"timestamp": "2024-05-07 10:23:01", "pod_name": "teastore-image-79f6fdfb7b-7x5qb", "node_name": "worker2", "cpu_usage": 0.011802462138248874, "memory_usage": 666181632.0}
2024-05-07 10:23:01,439 - INFO - {"timestamp": "2024-05-07 10:23:01", "pod_name": "teastore-persistence-b77d57c7-csrt2", "node_name": "worker", "cpu_usage": 0.011750173580506264, "memory_usage": 619966464.0}
2024-05-07 10:23:01,446 - INFO - {"timestamp": "2024-05-07 10:23:01", "pod_name": "teastore-recommender-6b57d56f4-mj8pn", "node_name": "worker", "cpu_usage": 0.014769443193757989, "memory_usage": 598999040.0}
2024-05-07 10:23:01,452 - INFO - {"timestamp": "2024-05-07 10:23:01", "pod_name": "teastore-registry-68b4c6d796-4v6nq", "node_name": "worker", "cpu_usage": 0.00557263440675522, "memory_usage": 261730304.0}
2024-05-07 10:23:01,459 - INFO - {"timestamp": "2024-05-07 10:23:01", "pod_name": "teastore-webui-59ccf6c8b5-qpgjf", "node_name": "worker", "cpu_usage": 0.017601752961401106, "memory_usage": 750284800.0}
2024-05-07 10:23:02,479 - INFO - {"timestamp": "2024-05-07 10:23:02", "pod_name": "teastore-auth-856dc8fcf9-rctkz", "node_name": "worker2", "cpu_usage": 0.010794177204575723, "memory_usage": 613060608.0}
2024-05-07 10:23:02,486 - INFO - {"timestamp": "2024-05-07 10:23:02", "pod_name": "teastore-db-755c9c7ddd-krvlc", "node_name": "worker", "cpu_usage": 0.0009642804589786447, "memory_usage": 241790976.0}
2024-05-07 10:23:02,492 - INFO - {"timestamp": "2024-05-07 10:23:02", "pod_name": "teastore-image-79f6fdfb7b-7x5qb", "node_name": "worker2", "cpu_usage": 0.011704147186537301, "memory_usage": 666181632.0}
2024-05-07 10:23:02,499 - INFO - {"timestamp": "2024-05-07 10:23:02", "pod_name": "teastore-persistence-b77d57c7-csrt2", "node_name": "worker", "cpu_usage": 0.011634791372967385, "memory_usage": 619966464.0}
2024-05-07 10:23:02,505 - INFO - {"timestamp": "2024-05-07 10:23:02", "pod_name": "teastore-recommender-6b57d56f4-mj8pn", "node_name": "worker", "cpu_usage": 0.014552739904787126, "memory_usage": 598999040.0}
2024-05-07 10:23:02,511 - INFO - {"timestamp": "2024-05-07 10:23:02", "pod_name": "teastore-registry-68b4c6d796-4v6nq", "node_name": "worker", "cpu_usage": 0.004070669091666683, "memory_usage": 261730304.0}
2024-05-07 10:23:02,518 - INFO - {"timestamp": "2024-05-07 10:23:02", "pod_name": "teastore-webui-59ccf6c8b5-qpgjf", "node_name": "worker", "cpu_usage": 0.01744841088069447, "memory_usage": 750284800.0}
2024-05-07 10:23:03,536 - INFO - {"timestamp": "2024-05-07 10:23:03", "pod_name": "teastore-auth-856dc8fcf9-rctkz", "node_name": "worker2", "cpu_usage": 0.01069945939379436, "memory_usage": 613060608.0}
2024-05-07 10:23:03,542 - INFO - {"timestamp": "2024-05-07 10:23:03", "pod_name": "teastore-db-755c9c7ddd-krvlc", "node_name": "worker", "cpu_usage": 0.001408688908586767, "memory_usage": 241790976.0}
2024-05-07 10:23:03,549 - INFO - {"timestamp": "2024-05-07 10:23:03", "pod_name": "teastore-image-79f6fdfb7b-7x5qb", "node_name": "worker2", "cpu_usage": 0.01160620323464351, "memory_usage": 666181632.0}
2024-05-07 10:23:03,555 - INFO - {"timestamp": "2024-05-07 10:23:03", "pod_name": "teastore-persistence-b77d57c7-csrt2", "node_name": "worker", "cpu_usage": 0.011698880774221446, "memory_usage": 620191744.0}
2024-05-07 10:23:03,562 - INFO - {"timestamp": "2024-05-07 10:23:03", "pod_name": "teastore-recommender-6b57d56f4-mj8pn", "node_name": "worker", "cpu_usage": 0.017885610477991178, "memory_usage": 599052288.0}
2024-05-07 10:23:03,570 - INFO - {"timestamp": "2024-05-07 10:23:03", "pod_name": "teastore-registry-68b4c6d796-4v6nq", "node_name": "worker", "cpu_usage": 0.00555310476832695, "memory_usage": 262336512.0}
2024-05-07 10:23:03,577 - INFO - {"timestamp": "2024-05-07 10:23:03", "pod_name": "teastore-webui-59ccf6c8b5-qpgjf", "node_name": "worker", "cpu_usage": 0.021054045840974152, "memory_usage": 750260224.0}
2024-05-07 10:23:04,597 - INFO - {"timestamp": "2024-05-07 10:23:04", "pod_name": "teastore-auth-856dc8fcf9-rctkz", "node_name": "worker2", "cpu_usage": 0.010604562532330986, "memory_usage": 613060608.0}
2024-05-07 10:23:04,604 - INFO - {"timestamp": "2024-05-07 10:23:04", "pod_name": "teastore-db-755c9c7ddd-krvlc", "node_name": "worker", "cpu_usage": 0.001408688908586767, "memory_usage": 241790976.0}
2024-05-07 10:23:04,611 - INFO - {"timestamp": "2024-05-07 10:23:04", "pod_name": "teastore-image-79f6fdfb7b-7x5qb", "node_name": "worker2", "cpu_usage": 0.011507702783023049, "memory_usage": 666181632.0}
2024-05-07 10:23:04,617 - INFO - {"timestamp": "2024-05-07 10:23:04", "pod_name": "teastore-persistence-b77d57c7-csrt2", "node_name": "worker", "cpu_usage": 0.011698880774221447, "memory_usage": 620191744.0}
2024-05-07 10:23:04,624 - INFO - {"timestamp": "2024-05-07 10:23:04", "pod_name": "teastore-recommender-6b57d56f4-mj8pn", "node_name": "worker", "cpu_usage": 0.017885610477991178, "memory_usage": 599052288.0}
2024-05-07 10:23:04,630 - INFO - {"timestamp": "2024-05-07 10:23:04", "pod_name": "teastore-registry-68b4c6d796-4v6nq", "node_name": "worker", "cpu_usage": 0.005685319974648124, "memory_usage": 262336512.0}
2024-05-07 10:23:04,637 - INFO - {"timestamp": "2024-05-07 10:23:04", "pod_name": "teastore-webui-59ccf6c8b5-qpgjf", "node_name": "worker", "cpu_usage": 0.01957636394913824, "memory_usage": 750260224.0}
2024-05-07 10:23:05,657 - INFO - {"timestamp": "2024-05-07 10:23:05", "pod_name": "teastore-auth-856dc8fcf9-rctkz", "node_name": "worker2", "cpu_usage": 0.010509576145526611, "memory_usage": 613060608.0}
2024-05-07 10:23:05,663 - INFO - {"timestamp": "2024-05-07 10:23:05", "pod_name": "teastore-db-755c9c7ddd-krvlc", "node_name": "worker", "cpu_usage": 0.0014086889085867668, "memory_usage": 241790976.0}
2024-05-07 10:23:05,670 - INFO - {"timestamp": "2024-05-07 10:23:05", "pod_name": "teastore-image-79f6fdfb7b-7x5qb", "node_name": "worker2", "cpu_usage": 0.011409480581265922, "memory_usage": 666181632.0}
2024-05-07 10:23:05,677 - INFO - {"timestamp": "2024-05-07 10:23:05", "pod_name": "teastore-persistence-b77d57c7-csrt2", "node_name": "worker", "cpu_usage": 0.011698880774221446, "memory_usage": 620191744.0}
2024-05-07 10:23:05,684 - INFO - {"timestamp": "2024-05-07 10:23:05", "pod_name": "teastore-recommender-6b57d56f4-mj8pn", "node_name": "worker", "cpu_usage": 0.017885610477991178, "memory_usage": 599052288.0}
2024-05-07 10:23:05,700 - INFO - {"timestamp": "2024-05-07 10:23:05", "pod_name": "teastore-registry-68b4c6d796-4v6nq", "node_name": "worker", "cpu_usage": 0.005756767526343522, "memory_usage": 262336512.0}
2024-05-07 10:23:05,706 - INFO - {"timestamp": "2024-05-07 10:23:05", "pod_name": "teastore-webui-59ccf6c8b5-qpgjf", "node_name": "worker", "cpu_usage": 0.019390247694222082, "memory_usage": 750260224.0}
2024-05-07 10:23:06,727 - INFO - {"timestamp": "2024-05-07 10:23:06", "pod_name": "teastore-auth-856dc8fcf9-rctkz", "node_name": "worker2", "cpu_usage": 0.010413784030653208, "memory_usage": 613060608.0}
2024-05-07 10:23:06,733 - INFO - {"timestamp": "2024-05-07 10:23:06", "pod_name": "teastore-db-755c9c7ddd-krvlc", "node_name": "worker", "cpu_usage": 0.001226864432312242, "memory_usage": 241790976.0}
2024-05-07 10:23:06,740 - INFO - {"timestamp": "2024-05-07 10:23:06", "pod_name": "teastore-image-79f6fdfb7b-7x5qb", "node_name": "worker2", "cpu_usage": 0.011310238130009902, "memory_usage": 666181632.0}
2024-05-07 10:23:06,746 - INFO - {"timestamp": "2024-05-07 10:23:06", "pod_name": "teastore-persistence-b77d57c7-csrt2", "node_name": "worker", "cpu_usage": 0.010859810643770212, "memory_usage": 620191744.0}
2024-05-07 10:23:06,753 - INFO - {"timestamp": "2024-05-07 10:23:06", "pod_name": "teastore-recommender-6b57d56f4-mj8pn", "node_name": "worker", "cpu_usage": 0.017885610477991178, "memory_usage": 599052288.0}
2024-05-07 10:23:06,759 - INFO - {"timestamp": "2024-05-07 10:23:06", "pod_name": "teastore-registry-68b4c6d796-4v6nq", "node_name": "worker", "cpu_usage": 0.0057611090346596314, "memory_usage": 262336512.0}
2024-05-07 10:23:06,766 - INFO - {"timestamp": "2024-05-07 10:23:06", "pod_name": "teastore-webui-59ccf6c8b5-qpgjf", "node_name": "worker", "cpu_usage": 0.01920604478398263, "memory_usage": 750260224.0}
2024-05-07 10:23:07,785 - INFO - {"timestamp": "2024-05-07 10:23:07", "pod_name": "teastore-auth-856dc8fcf9-rctkz", "node_name": "worker2", "cpu_usage": 0.010319066219871845, "memory_usage": 613060608.0}
2024-05-07 10:23:07,792 - INFO - {"timestamp": "2024-05-07 10:23:07", "pod_name": "teastore-db-755c9c7ddd-krvlc", "node_name": "worker", "cpu_usage": 0.0012393009490874155, "memory_usage": 241790976.0}
2024-05-07 10:23:07,798 - INFO - {"timestamp": "2024-05-07 10:23:07", "pod_name": "teastore-image-79f6fdfb7b-7x5qb", "node_name": "worker2", "cpu_usage": 0.011212015928252776, "memory_usage": 666181632.0}
2024-05-07 10:23:07,805 - INFO - {"timestamp": "2024-05-07 10:23:07", "pod_name": "teastore-persistence-b77d57c7-csrt2", "node_name": "worker", "cpu_usage": 0.010752336527787475, "memory_usage": 620191744.0}
2024-05-07 10:23:07,811 - INFO - {"timestamp": "2024-05-07 10:23:07", "pod_name": "teastore-recommender-6b57d56f4-mj8pn", "node_name": "worker", "cpu_usage": 0.016570128911571926, "memory_usage": 599052288.0}
2024-05-07 10:23:07,818 - INFO - {"timestamp": "2024-05-07 10:23:07", "pod_name": "teastore-registry-68b4c6d796-4v6nq", "node_name": "worker", "cpu_usage": 0.005765405868895781, "memory_usage": 262336512.0}
2024-05-07 10:23:07,824 - INFO - {"timestamp": "2024-05-07 10:23:07", "pod_name": "teastore-webui-59ccf6c8b5-qpgjf", "node_name": "worker", "cpu_usage": 0.017263433356656758, "memory_usage": 750260224.0}
2024-05-07 10:23:08,844 - INFO - {"timestamp": "2024-05-07 10:23:08", "pod_name": "teastore-auth-856dc8fcf9-rctkz", "node_name": "worker2", "cpu_usage": 0.010224169358408471, "memory_usage": 613060608.0}
2024-05-07 10:23:08,852 - INFO - {"timestamp": "2024-05-07 10:23:08", "pod_name": "teastore-db-755c9c7ddd-krvlc", "node_name": "worker", "cpu_usage": 0.001251749220604342, "memory_usage": 241790976.0}
2024-05-07 10:23:08,858 - INFO - {"timestamp": "2024-05-07 10:23:08", "pod_name": "teastore-image-79f6fdfb7b-7x5qb", "node_name": "worker2", "cpu_usage": 0.011113700976541203, "memory_usage": 666181632.0}
2024-05-07 10:23:08,865 - INFO - {"timestamp": "2024-05-07 10:23:08", "pod_name": "teastore-persistence-b77d57c7-csrt2", "node_name": "worker", "cpu_usage": 0.010644659247124242, "memory_usage": 620191744.0}
2024-05-07 10:23:08,871 - INFO - {"timestamp": "2024-05-07 10:23:08", "pod_name": "teastore-recommender-6b57d56f4-mj8pn", "node_name": "worker", "cpu_usage": 0.016409136324548632, "memory_usage": 599052288.0}
2024-05-07 10:23:08,878 - INFO - {"timestamp": "2024-05-07 10:23:08", "pod_name": "teastore-registry-68b4c6d796-4v6nq", "node_name": "worker", "cpu_usage": 0.005769710825691924, "memory_usage": 262336512.0}
2024-05-07 10:23:08,884 - INFO - {"timestamp": "2024-05-07 10:23:08", "pod_name": "teastore-webui-59ccf6c8b5-qpgjf", "node_name": "worker", "cpu_usage": 0.017263433356656758, "memory_usage": 750260224.0}
2024-05-07 10:23:09,915 - INFO - {"timestamp": "2024-05-07 10:23:09", "pod_name": "teastore-auth-856dc8fcf9-rctkz", "node_name": "worker2", "cpu_usage": 0.010128377243535068, "memory_usage": 613060608.0}
2024-05-07 10:23:09,922 - INFO - {"timestamp": "2024-05-07 10:23:09", "pod_name": "teastore-db-755c9c7ddd-krvlc", "node_name": "worker", "cpu_usage": 0.0012623532712578468, "memory_usage": 241790976.0}
2024-05-07 10:23:09,928 - INFO - {"timestamp": "2024-05-07 10:23:09", "pod_name": "teastore-image-79f6fdfb7b-7x5qb", "node_name": "worker2", "cpu_usage": 0.009670033268441725, "memory_usage": 666181632.0}
2024-05-07 10:23:09,935 - INFO - {"timestamp": "2024-05-07 10:23:09", "pod_name": "teastore-persistence-b77d57c7-csrt2", "node_name": "worker", "cpu_usage": 0.010535966143058524, "memory_usage": 620191744.0}
2024-05-07 10:23:09,941 - INFO - {"timestamp": "2024-05-07 10:23:09", "pod_name": "teastore-recommender-6b57d56f4-mj8pn", "node_name": "worker", "cpu_usage": 0.014994889377744881, "memory_usage": 599052288.0}
2024-05-07 10:23:09,948 - INFO - {"timestamp": "2024-05-07 10:23:09", "pod_name": "teastore-registry-68b4c6d796-4v6nq", "node_name": "worker", "cpu_usage": 0.005774056395288031, "memory_usage": 262336512.0}
2024-05-07 10:23:09,955 - INFO - {"timestamp": "2024-05-07 10:23:09", "pod_name": "teastore-webui-59ccf6c8b5-qpgjf", "node_name": "worker", "cpu_usage": 0.017263433356656758, "memory_usage": 750260224.0}
2024-05-07 10:23:10,974 - INFO - {"timestamp": "2024-05-07 10:23:10", "pod_name": "teastore-auth-856dc8fcf9-rctkz", "node_name": "worker2", "cpu_usage": 0.010033480382071698, "memory_usage": 613060608.0}
2024-05-07 10:23:10,980 - INFO - {"timestamp": "2024-05-07 10:23:10", "pod_name": "teastore-db-755c9c7ddd-krvlc", "node_name": "worker", "cpu_usage": 0.001262529592384149, "memory_usage": 241790976.0}
2024-05-07 10:23:10,987 - INFO - {"timestamp": "2024-05-07 10:23:10", "pod_name": "teastore-image-79f6fdfb7b-7x5qb", "node_name": "worker2", "cpu_usage": 0.009443269879197847, "memory_usage": 666181632.0}
2024-05-07 10:23:10,994 - INFO - {"timestamp": "2024-05-07 10:23:10", "pod_name": "teastore-persistence-b77d57c7-csrt2", "node_name": "worker", "cpu_usage": 0.01042839044473554, "memory_usage": 620191744.0}
2024-05-07 10:23:11,007 - INFO - {"timestamp": "2024-05-07 10:23:10", "pod_name": "teastore-recommender-6b57d56f4-mj8pn", "node_name": "worker", "cpu_usage": 0.014679208352808337, "memory_usage": 599052288.0}
2024-05-07 10:23:11,013 - INFO - {"timestamp": "2024-05-07 10:23:10", "pod_name": "teastore-registry-68b4c6d796-4v6nq", "node_name": "worker", "cpu_usage": 0.0057783857197641515, "memory_usage": 262336512.0}
2024-05-07 10:23:11,021 - INFO - {"timestamp": "2024-05-07 10:23:10", "pod_name": "teastore-webui-59ccf6c8b5-qpgjf", "node_name": "worker", "cpu_usage": 0.017263433356656758, "memory_usage": 750260224.0}
2024-05-07 10:23:12,040 - INFO - {"timestamp": "2024-05-07 10:23:12", "pod_name": "teastore-auth-856dc8fcf9-rctkz", "node_name": "worker2", "cpu_usage": 0.009938046368562306, "memory_usage": 613060608.0}
2024-05-07 10:23:12,046 - INFO - {"timestamp": "2024-05-07 10:23:12", "pod_name": "teastore-db-755c9c7ddd-krvlc", "node_name": "worker", "cpu_usage": 0.001249999037674948, "memory_usage": 241790976.0}
2024-05-07 10:23:12,052 - INFO - {"timestamp": "2024-05-07 10:23:12", "pod_name": "teastore-image-79f6fdfb7b-7x5qb", "node_name": "worker2", "cpu_usage": 0.009214791832946457, "memory_usage": 666181632.0}
2024-05-07 10:23:12,059 - INFO - {"timestamp": "2024-05-07 10:23:12", "pod_name": "teastore-persistence-b77d57c7-csrt2", "node_name": "worker", "cpu_usage": 0.010320205252371064, "memory_usage": 620191744.0}
2024-05-07 10:23:12,065 - INFO - {"timestamp": "2024-05-07 10:23:12", "pod_name": "teastore-recommender-6b57d56f4-mj8pn", "node_name": "worker", "cpu_usage": 0.014361738766823996, "memory_usage": 599052288.0}
2024-05-07 10:23:12,072 - INFO - {"timestamp": "2024-05-07 10:23:12", "pod_name": "teastore-registry-68b4c6d796-4v6nq", "node_name": "worker", "cpu_usage": 0.005252478427630582, "memory_usage": 262336512.0}
2024-05-07 10:23:12,078 - INFO - {"timestamp": "2024-05-07 10:23:12", "pod_name": "teastore-webui-59ccf6c8b5-qpgjf", "node_name": "worker", "cpu_usage": 0.017263433356656758, "memory_usage": 750260224.0}
2024-05-07 10:23:13,098 - INFO - {"timestamp": "2024-05-07 10:23:13", "pod_name": "teastore-auth-856dc8fcf9-rctkz", "node_name": "worker2", "cpu_usage": 0.01280533472088821, "memory_usage": 613089280.0}
2024-05-07 10:23:13,104 - INFO - {"timestamp": "2024-05-07 10:23:13", "pod_name": "teastore-db-755c9c7ddd-krvlc", "node_name": "worker", "cpu_usage": 0.0012375625208997745, "memory_usage": 241790976.0}
2024-05-07 10:23:13,111 - INFO - {"timestamp": "2024-05-07 10:23:13", "pod_name": "teastore-image-79f6fdfb7b-7x5qb", "node_name": "worker2", "cpu_usage": 0.013440007647699394, "memory_usage": 666734592.0}
2024-05-07 10:23:13,117 - INFO - {"timestamp": "2024-05-07 10:23:13", "pod_name": "teastore-persistence-b77d57c7-csrt2", "node_name": "worker", "cpu_usage": 0.010148267409321423, "memory_usage": 620191744.0}
2024-05-07 10:23:13,123 - INFO - {"timestamp": "2024-05-07 10:23:13", "pod_name": "teastore-recommender-6b57d56f4-mj8pn", "node_name": "worker", "cpu_usage": 0.01256632953559009, "memory_usage": 599052288.0}
2024-05-07 10:23:13,130 - INFO - {"timestamp": "2024-05-07 10:23:13", "pod_name": "teastore-registry-68b4c6d796-4v6nq", "node_name": "worker", "cpu_usage": 0.005188768234443666, "memory_usage": 262336512.0}
2024-05-07 10:23:13,136 - INFO - {"timestamp": "2024-05-07 10:23:13", "pod_name": "teastore-webui-59ccf6c8b5-qpgjf", "node_name": "worker", "cpu_usage": 0.01633056093869227, "memory_usage": 750260224.0}
2024-05-07 10:23:14,155 - INFO - {"timestamp": "2024-05-07 10:23:14", "pod_name": "teastore-auth-856dc8fcf9-rctkz", "node_name": "worker2", "cpu_usage": 0.012805334720888208, "memory_usage": 613089280.0}
2024-05-07 10:23:14,160 - INFO - {"timestamp": "2024-05-07 10:23:14", "pod_name": "teastore-db-755c9c7ddd-krvlc", "node_name": "worker", "cpu_usage": 0.0012251377588663548, "memory_usage": 241790976.0}
2024-05-07 10:23:14,167 - INFO - {"timestamp": "2024-05-07 10:23:14", "pod_name": "teastore-image-79f6fdfb7b-7x5qb", "node_name": "worker2", "cpu_usage": 0.013440007647699396, "memory_usage": 666734592.0}
2024-05-07 10:23:14,173 - INFO - {"timestamp": "2024-05-07 10:23:14", "pod_name": "teastore-persistence-b77d57c7-csrt2", "node_name": "worker", "cpu_usage": 0.010148267409321425, "memory_usage": 620191744.0}
2024-05-07 10:23:14,180 - INFO - {"timestamp": "2024-05-07 10:23:14", "pod_name": "teastore-recommender-6b57d56f4-mj8pn", "node_name": "worker", "cpu_usage": 0.013342662154253523, "memory_usage": 599052288.0}
2024-05-07 10:23:14,186 - INFO - {"timestamp": "2024-05-07 10:23:14", "pod_name": "teastore-registry-68b4c6d796-4v6nq", "node_name": "worker", "cpu_usage": 0.00512511825883065, "memory_usage": 262336512.0}
2024-05-07 10:23:14,193 - INFO - {"timestamp": "2024-05-07 10:23:14", "pod_name": "teastore-webui-59ccf6c8b5-qpgjf", "node_name": "worker", "cpu_usage": 0.01653841919307818, "memory_usage": 750260224.0}
2024-05-07 10:23:15,214 - INFO - {"timestamp": "2024-05-07 10:23:15", "pod_name": "teastore-auth-856dc8fcf9-rctkz", "node_name": "worker2", "cpu_usage": 0.013204827212464838, "memory_usage": 613089280.0}
2024-05-07 10:23:15,221 - INFO - {"timestamp": "2024-05-07 10:23:15", "pod_name": "teastore-db-755c9c7ddd-krvlc", "node_name": "worker", "cpu_usage": 0.001212689487349428, "memory_usage": 241790976.0}
2024-05-07 10:23:15,227 - INFO - {"timestamp": "2024-05-07 10:23:15", "pod_name": "teastore-image-79f6fdfb7b-7x5qb", "node_name": "worker2", "cpu_usage": 0.011521492087968072, "memory_usage": 666734592.0}
2024-05-07 10:23:15,234 - INFO - {"timestamp": "2024-05-07 10:23:15", "pod_name": "teastore-persistence-b77d57c7-csrt2", "node_name": "worker", "cpu_usage": 0.011018432686410957, "memory_usage": 620191744.0}
2024-05-07 10:23:15,240 - INFO - {"timestamp": "2024-05-07 10:23:15", "pod_name": "teastore-recommender-6b57d56f4-mj8pn", "node_name": "worker", "cpu_usage": 0.013160104964000687, "memory_usage": 599052288.0}
2024-05-07 10:23:15,246 - INFO - {"timestamp": "2024-05-07 10:23:15", "pod_name": "teastore-registry-68b4c6d796-4v6nq", "node_name": "worker", "cpu_usage": 0.005061287630495933, "memory_usage": 262336512.0}
2024-05-07 10:23:15,253 - INFO - {"timestamp": "2024-05-07 10:23:15", "pod_name": "teastore-webui-59ccf6c8b5-qpgjf", "node_name": "worker", "cpu_usage": 0.01957945459039931, "memory_usage": 750260224.0}
2024-05-07 10:23:16,279 - INFO - {"timestamp": "2024-05-07 10:23:16", "pod_name": "teastore-auth-856dc8fcf9-rctkz", "node_name": "worker2", "cpu_usage": 0.013204827212464836, "memory_usage": 613089280.0}
2024-05-07 10:23:16,286 - INFO - {"timestamp": "2024-05-07 10:23:16", "pod_name": "teastore-db-755c9c7ddd-krvlc", "node_name": "worker", "cpu_usage": 0.0012001706873819803, "memory_usage": 241790976.0}
2024-05-07 10:23:16,293 - INFO - {"timestamp": "2024-05-07 10:23:16", "pod_name": "teastore-image-79f6fdfb7b-7x5qb", "node_name": "worker2", "cpu_usage": 0.011521492087968072, "memory_usage": 666734592.0}
2024-05-07 10:23:16,299 - INFO - {"timestamp": "2024-05-07 10:23:16", "pod_name": "teastore-persistence-b77d57c7-csrt2", "node_name": "worker", "cpu_usage": 0.010882972690736839, "memory_usage": 620191744.0}
2024-05-07 10:23:16,306 - INFO - {"timestamp": "2024-05-07 10:23:16", "pod_name": "teastore-recommender-6b57d56f4-mj8pn", "node_name": "worker", "cpu_usage": 0.012976859527978758, "memory_usage": 599052288.0}
2024-05-07 10:23:16,312 - INFO - {"timestamp": "2024-05-07 10:23:16", "pod_name": "teastore-registry-68b4c6d796-4v6nq", "node_name": "worker", "cpu_usage": 0.004997095696717812, "memory_usage": 262336512.0}
2024-05-07 10:23:16,319 - INFO - {"timestamp": "2024-05-07 10:23:16", "pod_name": "teastore-webui-59ccf6c8b5-qpgjf", "node_name": "worker", "cpu_usage": 0.019370492649430956, "memory_usage": 750260224.0}
2024-05-07 10:23:17,338 - INFO - {"timestamp": "2024-05-07 10:23:17", "pod_name": "teastore-auth-856dc8fcf9-rctkz", "node_name": "worker2", "cpu_usage": 0.013204827212464838, "memory_usage": 613089280.0}
2024-05-07 10:23:17,344 - INFO - {"timestamp": "2024-05-07 10:23:17", "pod_name": "teastore-db-755c9c7ddd-krvlc", "node_name": "worker", "cpu_usage": 0.0011877224158650538, "memory_usage": 241790976.0}
2024-05-07 10:23:17,350 - INFO - {"timestamp": "2024-05-07 10:23:17", "pod_name": "teastore-image-79f6fdfb7b-7x5qb", "node_name": "worker2", "cpu_usage": 0.011675562156556015, "memory_usage": 666734592.0}
2024-05-07 10:23:17,357 - INFO - {"timestamp": "2024-05-07 10:23:17", "pod_name": "teastore-persistence-b77d57c7-csrt2", "node_name": "worker", "cpu_usage": 0.006170601660908028, "memory_usage": 620191744.0}
2024-05-07 10:23:17,363 - INFO - {"timestamp": "2024-05-07 10:23:17", "pod_name": "teastore-recommender-6b57d56f4-mj8pn", "node_name": "worker", "cpu_usage": 0.012794818522052748, "memory_usage": 599052288.0}
2024-05-07 10:23:17,370 - INFO - {"timestamp": "2024-05-07 10:23:17", "pod_name": "teastore-registry-68b4c6d796-4v6nq", "node_name": "worker", "cpu_usage": 0.0049334457211047955, "memory_usage": 262336512.0}
2024-05-07 10:23:17,376 - INFO - {"timestamp": "2024-05-07 10:23:17", "pod_name": "teastore-webui-59ccf6c8b5-qpgjf", "node_name": "worker", "cpu_usage": 0.019163098903141544, "memory_usage": 750260224.0}
2024-05-07 10:23:18,397 - INFO - {"timestamp": "2024-05-07 10:23:18", "pod_name": "teastore-auth-856dc8fcf9-rctkz", "node_name": "worker2", "cpu_usage": 0.013204827212464836, "memory_usage": 613089280.0}
2024-05-07 10:23:18,404 - INFO - {"timestamp": "2024-05-07 10:23:18", "pod_name": "teastore-db-755c9c7ddd-krvlc", "node_name": "worker", "cpu_usage": 0.0011752741443481268, "memory_usage": 241790976.0}
2024-05-07 10:23:18,411 - INFO - {"timestamp": "2024-05-07 10:23:18", "pod_name": "teastore-image-79f6fdfb7b-7x5qb", "node_name": "worker2", "cpu_usage": 0.012819150129555461, "memory_usage": 666734592.0}
2024-05-07 10:23:18,418 - INFO - {"timestamp": "2024-05-07 10:23:18", "pod_name": "teastore-persistence-b77d57c7-csrt2", "node_name": "worker", "cpu_usage": 0.006035777031067278, "memory_usage": 620191744.0}
2024-05-07 10:23:18,424 - INFO - {"timestamp": "2024-05-07 10:23:18", "pod_name": "teastore-recommender-6b57d56f4-mj8pn", "node_name": "worker", "cpu_usage": 0.012612261331799914, "memory_usage": 599052288.0}
2024-05-07 10:23:18,430 - INFO - {"timestamp": "2024-05-07 10:23:18", "pod_name": "teastore-registry-68b4c6d796-4v6nq", "node_name": "worker", "cpu_usage": 0.0055004377870316035, "memory_usage": 262336512.0}
2024-05-07 10:23:18,437 - INFO - {"timestamp": "2024-05-07 10:23:18", "pod_name": "teastore-webui-59ccf6c8b5-qpgjf", "node_name": "worker", "cpu_usage": 0.018955313108182395, "memory_usage": 750260224.0}
2024-05-07 10:23:19,457 - INFO - {"timestamp": "2024-05-07 10:23:19", "pod_name": "teastore-auth-856dc8fcf9-rctkz", "node_name": "worker2", "cpu_usage": 0.013204827212464838, "memory_usage": 613089280.0}
2024-05-07 10:23:19,463 - INFO - {"timestamp": "2024-05-07 10:23:19", "pod_name": "teastore-db-755c9c7ddd-krvlc", "node_name": "worker", "cpu_usage": 0.0014171180127565534, "memory_usage": 241790976.0}
2024-05-07 10:23:19,470 - INFO - {"timestamp": "2024-05-07 10:23:19", "pod_name": "teastore-image-79f6fdfb7b-7x5qb", "node_name": "worker2", "cpu_usage": 0.01269415048808819, "memory_usage": 666734592.0}
2024-05-07 10:23:19,477 - INFO - {"timestamp": "2024-05-07 10:23:19", "pod_name": "teastore-persistence-b77d57c7-csrt2", "node_name": "worker", "cpu_usage": 0.008034568539227693, "memory_usage": 620077056.0}
2024-05-07 10:23:19,483 - INFO - {"timestamp": "2024-05-07 10:23:19", "pod_name": "teastore-recommender-6b57d56f4-mj8pn", "node_name": "worker", "cpu_usage": 0.016631818331457708, "memory_usage": 599031808.0}
2024-05-07 10:23:19,490 - INFO - {"timestamp": "2024-05-07 10:23:19", "pod_name": "teastore-registry-68b4c6d796-4v6nq", "node_name": "worker", "cpu_usage": 0.00816704240130919, "memory_usage": 262373376.0}
2024-05-07 10:23:19,496 - INFO - {"timestamp": "2024-05-07 10:23:19", "pod_name": "teastore-webui-59ccf6c8b5-qpgjf", "node_name": "worker", "cpu_usage": 0.020332467202642292, "memory_usage": 750329856.0}
2024-05-07 10:23:20,516 - INFO - {"timestamp": "2024-05-07 10:23:20", "pod_name": "teastore-auth-856dc8fcf9-rctkz", "node_name": "worker2", "cpu_usage": 0.013204827212464836, "memory_usage": 613089280.0}
2024-05-07 10:23:20,522 - INFO - {"timestamp": "2024-05-07 10:23:20", "pod_name": "teastore-db-755c9c7ddd-krvlc", "node_name": "worker", "cpu_usage": 0.0014171180127565534, "memory_usage": 241790976.0}
2024-05-07 10:23:20,529 - INFO - {"timestamp": "2024-05-07 10:23:20", "pod_name": "teastore-image-79f6fdfb7b-7x5qb", "node_name": "worker2", "cpu_usage": 0.012569150846620917, "memory_usage": 666734592.0}
2024-05-07 10:23:20,536 - INFO - {"timestamp": "2024-05-07 10:23:20", "pod_name": "teastore-persistence-b77d57c7-csrt2", "node_name": "worker", "cpu_usage": 0.00809472111668838, "memory_usage": 620077056.0}
2024-05-07 10:23:20,552 - INFO - {"timestamp": "2024-05-07 10:23:20", "pod_name": "teastore-recommender-6b57d56f4-mj8pn", "node_name": "worker", "cpu_usage": 0.01766479991079424, "memory_usage": 599031808.0}
2024-05-07 10:23:20,558 - INFO - {"timestamp": "2024-05-07 10:23:20", "pod_name": "teastore-registry-68b4c6d796-4v6nq", "node_name": "worker", "cpu_usage": 0.00816704240130919, "memory_usage": 262373376.0}
2024-05-07 10:23:20,565 - INFO - {"timestamp": "2024-05-07 10:23:20", "pod_name": "teastore-webui-59ccf6c8b5-qpgjf", "node_name": "worker", "cpu_usage": 0.020122246922638358, "memory_usage": 750329856.0}
2024-05-07 10:23:21,583 - INFO - {"timestamp": "2024-05-07 10:23:21", "pod_name": "teastore-auth-856dc8fcf9-rctkz", "node_name": "worker2", "cpu_usage": 0.013204827212464838, "memory_usage": 613089280.0}
2024-05-07 10:23:21,590 - INFO - {"timestamp": "2024-05-07 10:23:21", "pod_name": "teastore-db-755c9c7ddd-krvlc", "node_name": "worker", "cpu_usage": 0.0013001696050751886, "memory_usage": 241790976.0}
2024-05-07 10:23:21,596 - INFO - {"timestamp": "2024-05-07 10:23:21", "pod_name": "teastore-image-79f6fdfb7b-7x5qb", "node_name": "worker2", "cpu_usage": 0.01244308888525449, "memory_usage": 666734592.0}
2024-05-07 10:23:21,603 - INFO - {"timestamp": "2024-05-07 10:23:21", "pod_name": "teastore-persistence-b77d57c7-csrt2", "node_name": "worker", "cpu_usage": 0.008155328104554813, "memory_usage": 620077056.0}
2024-05-07 10:23:21,609 - INFO - {"timestamp": "2024-05-07 10:23:21", "pod_name": "teastore-recommender-6b57d56f4-mj8pn", "node_name": "worker", "cpu_usage": 0.017485790407751375, "memory_usage": 599031808.0}
2024-05-07 10:23:21,617 - INFO - {"timestamp": "2024-05-07 10:23:21", "pod_name": "teastore-registry-68b4c6d796-4v6nq", "node_name": "worker", "cpu_usage": 0.00816704240130919, "memory_usage": 262373376.0}
2024-05-07 10:23:21,624 - INFO - {"timestamp": "2024-05-07 10:23:21", "pod_name": "teastore-webui-59ccf6c8b5-qpgjf", "node_name": "worker", "cpu_usage": 0.019913798161847948, "memory_usage": 750329856.0}
2024-05-07 10:23:22,643 - INFO - {"timestamp": "2024-05-07 10:23:22", "pod_name": "teastore-auth-856dc8fcf9-rctkz", "node_name": "worker2", "cpu_usage": 0.013204827212464836, "memory_usage": 613089280.0}
2024-05-07 10:23:22,650 - INFO - {"timestamp": "2024-05-07 10:23:22", "pod_name": "teastore-db-755c9c7ddd-krvlc", "node_name": "worker", "cpu_usage": 0.0012876787680413584, "memory_usage": 241790976.0}
2024-05-07 10:23:22,656 - INFO - {"timestamp": "2024-05-07 10:23:22", "pod_name": "teastore-image-79f6fdfb7b-7x5qb", "node_name": "worker2", "cpu_usage": 0.012317971208242868, "memory_usage": 666734592.0}
2024-05-07 10:23:22,662 - INFO - {"timestamp": "2024-05-07 10:23:22", "pod_name": "teastore-persistence-b77d57c7-csrt2", "node_name": "worker", "cpu_usage": 0.008215537483316219, "memory_usage": 620077056.0}
2024-05-07 10:23:22,669 - INFO - {"timestamp": "2024-05-07 10:23:22", "pod_name": "teastore-recommender-6b57d56f4-mj8pn", "node_name": "worker", "cpu_usage": 0.01730812305655888, "memory_usage": 599031808.0}
2024-05-07 10:23:22,676 - INFO - {"timestamp": "2024-05-07 10:23:22", "pod_name": "teastore-registry-68b4c6d796-4v6nq", "node_name": "worker", "cpu_usage": 0.00816704240130919, "memory_usage": 262373376.0}
2024-05-07 10:23:22,683 - INFO - {"timestamp": "2024-05-07 10:23:22", "pod_name": "teastore-webui-59ccf6c8b5-qpgjf", "node_name": "worker", "cpu_usage": 0.01970534940105753, "memory_usage": 750329856.0}
2024-05-07 10:23:23,702 - INFO - {"timestamp": "2024-05-07 10:23:23", "pod_name": "teastore-auth-856dc8fcf9-rctkz", "node_name": "worker2", "cpu_usage": 0.012023291855827654, "memory_usage": 613089280.0}
2024-05-07 10:23:23,708 - INFO - {"timestamp": "2024-05-07 10:23:23", "pod_name": "teastore-db-755c9c7ddd-krvlc", "node_name": "worker", "cpu_usage": 0.0012751997148160508, "memory_usage": 241790976.0}
2024-05-07 10:23:23,715 - INFO - {"timestamp": "2024-05-07 10:23:23", "pod_name": "teastore-image-79f6fdfb7b-7x5qb", "node_name": "worker2", "cpu_usage": 0.012193089602319948, "memory_usage": 666734592.0}
2024-05-07 10:23:23,722 - INFO - {"timestamp": "2024-05-07 10:23:23", "pod_name": "teastore-persistence-b77d57c7-csrt2", "node_name": "worker", "cpu_usage": 0.007470036851532181, "memory_usage": 620077056.0}
2024-05-07 10:23:23,728 - INFO - {"timestamp": "2024-05-07 10:23:23", "pod_name": "teastore-recommender-6b57d56f4-mj8pn", "node_name": "worker", "cpu_usage": 0.017130287936385092, "memory_usage": 599031808.0}
2024-05-07 10:23:23,736 - INFO - {"timestamp": "2024-05-07 10:23:23", "pod_name": "teastore-registry-68b4c6d796-4v6nq", "node_name": "worker", "cpu_usage": 0.00816704240130919, "memory_usage": 262373376.0}
2024-05-07 10:23:23,742 - INFO - {"timestamp": "2024-05-07 10:23:23", "pod_name": "teastore-webui-59ccf6c8b5-qpgjf", "node_name": "worker", "cpu_usage": 0.01949670380479895, "memory_usage": 750329856.0}
2024-05-07 10:23:24,766 - INFO - {"timestamp": "2024-05-07 10:23:24", "pod_name": "teastore-auth-856dc8fcf9-rctkz", "node_name": "worker2", "cpu_usage": 0.011904044565620643, "memory_usage": 613089280.0}
2024-05-07 10:23:24,772 - INFO - {"timestamp": "2024-05-07 10:23:24", "pod_name": "teastore-db-755c9c7ddd-krvlc", "node_name": "worker", "cpu_usage": 0.0012626617425481308, "memory_usage": 241790976.0}
2024-05-07 10:23:24,779 - INFO - {"timestamp": "2024-05-07 10:23:24", "pod_name": "teastore-image-79f6fdfb7b-7x5qb", "node_name": "worker2", "cpu_usage": 0.010915618304159175, "memory_usage": 666734592.0}
2024-05-07 10:23:24,786 - INFO - {"timestamp": "2024-05-07 10:23:24", "pod_name": "teastore-persistence-b77d57c7-csrt2", "node_name": "worker", "cpu_usage": 0.007427040823023742, "memory_usage": 620077056.0}
2024-05-07 10:23:24,792 - INFO - {"timestamp": "2024-05-07 10:23:24", "pod_name": "teastore-recommender-6b57d56f4-mj8pn", "node_name": "worker", "cpu_usage": 0.016951781740286116, "memory_usage": 599031808.0}
2024-05-07 10:23:24,798 - INFO - {"timestamp": "2024-05-07 10:23:24", "pod_name": "teastore-registry-68b4c6d796-4v6nq", "node_name": "worker", "cpu_usage": 0.00816704240130919, "memory_usage": 262373376.0}
2024-05-07 10:23:24,805 - INFO - {"timestamp": "2024-05-07 10:23:24", "pod_name": "teastore-webui-59ccf6c8b5-qpgjf", "node_name": "worker", "cpu_usage": 0.019287467702135866, "memory_usage": 750329856.0}
2024-05-07 10:23:25,824 - INFO - {"timestamp": "2024-05-07 10:23:25", "pod_name": "teastore-auth-856dc8fcf9-rctkz", "node_name": "worker2", "cpu_usage": 0.011785245995226266, "memory_usage": 613089280.0}
2024-05-07 10:23:25,831 - INFO - {"timestamp": "2024-05-07 10:23:25", "pod_name": "teastore-db-755c9c7ddd-krvlc", "node_name": "worker", "cpu_usage": 0.0012501944731313458, "memory_usage": 241790976.0}
2024-05-07 10:23:25,837 - INFO - {"timestamp": "2024-05-07 10:23:25", "pod_name": "teastore-image-79f6fdfb7b-7x5qb", "node_name": "worker2", "cpu_usage": 0.010662281736207835, "memory_usage": 666734592.0}
2024-05-07 10:23:25,848 - INFO - {"timestamp": "2024-05-07 10:23:25", "pod_name": "teastore-persistence-b77d57c7-csrt2", "node_name": "worker", "cpu_usage": 0.007384287253322684, "memory_usage": 620077056.0}
2024-05-07 10:23:25,855 - INFO - {"timestamp": "2024-05-07 10:23:25", "pod_name": "teastore-recommender-6b57d56f4-mj8pn", "node_name": "worker", "cpu_usage": 0.01677344331316844, "memory_usage": 599031808.0}
2024-05-07 10:23:25,861 - INFO - {"timestamp": "2024-05-07 10:23:25", "pod_name": "teastore-registry-68b4c6d796-4v6nq", "node_name": "worker", "cpu_usage": 0.00816704240130919, "memory_usage": 262373376.0}
2024-05-07 10:23:25,868 - INFO - {"timestamp": "2024-05-07 10:23:25", "pod_name": "teastore-webui-59ccf6c8b5-qpgjf", "node_name": "worker", "cpu_usage": 0.019078428434940946, "memory_usage": 750329856.0}
2024-05-07 10:23:26,889 - INFO - {"timestamp": "2024-05-07 10:23:26", "pod_name": "teastore-auth-856dc8fcf9-rctkz", "node_name": "worker2", "cpu_usage": 0.01166577434511294, "memory_usage": 613089280.0}
2024-05-07 10:23:26,895 - INFO - {"timestamp": "2024-05-07 10:23:26", "pod_name": "teastore-db-755c9c7ddd-krvlc", "node_name": "worker", "cpu_usage": 0.0012376447170549033, "memory_usage": 241790976.0}
2024-05-07 10:23:26,902 - INFO - {"timestamp": "2024-05-07 10:23:26", "pod_name": "teastore-image-79f6fdfb7b-7x5qb", "node_name": "worker2", "cpu_usage": 0.01040750983359388, "memory_usage": 666734592.0}
2024-05-07 10:23:26,909 - INFO - {"timestamp": "2024-05-07 10:23:26", "pod_name": "teastore-persistence-b77d57c7-csrt2", "node_name": "worker", "cpu_usage": 0.007341250815013016, "memory_usage": 620077056.0}
2024-05-07 10:23:26,917 - INFO - {"timestamp": "2024-05-07 10:23:26", "pod_name": "teastore-recommender-6b57d56f4-mj8pn", "node_name": "worker", "cpu_usage": 0.015157653310765637, "memory_usage": 599031808.0}
2024-05-07 10:23:26,923 - INFO - {"timestamp": "2024-05-07 10:23:26", "pod_name": "teastore-registry-68b4c6d796-4v6nq", "node_name": "worker", "cpu_usage": 0.00816704240130919, "memory_usage": 262373376.0}
2024-05-07 10:23:26,930 - INFO - {"timestamp": "2024-05-07 10:23:26", "pod_name": "teastore-webui-59ccf6c8b5-qpgjf", "node_name": "worker", "cpu_usage": 0.019486936229832733, "memory_usage": 750329856.0}
2024-05-07 10:23:27,952 - INFO - {"timestamp": "2024-05-07 10:23:27", "pod_name": "teastore-auth-856dc8fcf9-rctkz", "node_name": "worker2", "cpu_usage": 0.012414605278698, "memory_usage": 613068800.0}
2024-05-07 10:23:27,958 - INFO - {"timestamp": "2024-05-07 10:23:27", "pod_name": "teastore-db-755c9c7ddd-krvlc", "node_name": "worker", "cpu_usage": 0.0012251185285955058, "memory_usage": 241790976.0}
2024-05-07 10:23:27,964 - INFO - {"timestamp": "2024-05-07 10:23:27", "pod_name": "teastore-image-79f6fdfb7b-7x5qb", "node_name": "worker2", "cpu_usage": 0.01452596062114549, "memory_usage": 667369472.0}
2024-05-07 10:23:27,971 - INFO - {"timestamp": "2024-05-07 10:23:27", "pod_name": "teastore-persistence-b77d57c7-csrt2", "node_name": "worker", "cpu_usage": 0.0072982951963058065, "memory_usage": 620077056.0}
2024-05-07 10:23:27,977 - INFO - {"timestamp": "2024-05-07 10:23:27", "pod_name": "teastore-recommender-6b57d56f4-mj8pn", "node_name": "worker", "cpu_usage": 0.014979482652629255, "memory_usage": 599031808.0}
2024-05-07 10:23:27,984 - INFO - {"timestamp": "2024-05-07 10:23:27", "pod_name": "teastore-registry-68b4c6d796-4v6nq", "node_name": "worker", "cpu_usage": 0.007983935582452958, "memory_usage": 262373376.0}
2024-05-07 10:23:27,990 - INFO - {"timestamp": "2024-05-07 10:23:27", "pod_name": "teastore-webui-59ccf6c8b5-qpgjf", "node_name": "worker", "cpu_usage": 0.019278290633574148, "memory_usage": 750329856.0}
2024-05-07 10:23:29,011 - INFO - {"timestamp": "2024-05-07 10:23:28", "pod_name": "teastore-auth-856dc8fcf9-rctkz", "node_name": "worker2", "cpu_usage": 0.012414605278698, "memory_usage": 613068800.0}
2024-05-07 10:23:29,017 - INFO - {"timestamp": "2024-05-07 10:23:28", "pod_name": "teastore-db-755c9c7ddd-krvlc", "node_name": "worker", "cpu_usage": 0.0012126512591787205, "memory_usage": 241790976.0}
2024-05-07 10:23:29,023 - INFO - {"timestamp": "2024-05-07 10:23:28", "pod_name": "teastore-image-79f6fdfb7b-7x5qb", "node_name": "worker2", "cpu_usage": 0.01452596062114549, "memory_usage": 667369472.0}
2024-05-07 10:23:29,031 - INFO - {"timestamp": "2024-05-07 10:23:28", "pod_name": "teastore-persistence-b77d57c7-csrt2", "node_name": "worker", "cpu_usage": 0.005840646721155321, "memory_usage": 620077056.0}
2024-05-07 10:23:29,039 - INFO - {"timestamp": "2024-05-07 10:23:28", "pod_name": "teastore-recommender-6b57d56f4-mj8pn", "node_name": "worker", "cpu_usage": 0.014801479763474169, "memory_usage": 599031808.0}
2024-05-07 10:23:29,047 - INFO - {"timestamp": "2024-05-07 10:23:28", "pod_name": "teastore-registry-68b4c6d796-4v6nq", "node_name": "worker", "cpu_usage": 0.007983935582452958, "memory_usage": 262373376.0}
2024-05-07 10:23:29,054 - INFO - {"timestamp": "2024-05-07 10:23:28", "pod_name": "teastore-webui-59ccf6c8b5-qpgjf", "node_name": "worker", "cpu_usage": 0.01906905453091106, "memory_usage": 750329856.0}
